

Version:	3.14
CmdLine:	C:\Users\chris\Desktop\BigTwoGame\BigTwoGame.exe --l4j-debug
WOW64:		yes
Java min ver:	1.014.000
Java max ver:	
Bundled JRE(s):	jre
Check launcher:	C:\Users\chris\Desktop\BigTwoGame\jre\bin\javaw.exe (not found)
64-bit search:	SOFTWARE\JavaSoft\Java Runtime Environment...
32-bit search:	SOFTWARE\JavaSoft\Java Runtime Environment...
64-bit search:	SOFTWARE\JavaSoft\Java Development Kit...
32-bit search:	SOFTWARE\JavaSoft\Java Development Kit...
64-bit search:	SOFTWARE\JavaSoft\JRE...
32-bit search:	SOFTWARE\JavaSoft\JRE...
64-bit search:	SOFTWARE\JavaSoft\JDK...
Check:		SOFTWARE\JavaSoft\JDK\11.0.12
Ignore:		1.011.000_012
32-bit search:	SOFTWARE\JavaSoft\JDK...
64-bit search:	SOFTWARE\IBM\Java Runtime Environment...
32-bit search:	SOFTWARE\IBM\Java Runtime Environment...
64-bit search:	SOFTWARE\IBM\Java Development Kit...
32-bit search:	SOFTWARE\IBM\Java Development Kit...
64-bit search:	SOFTWARE\IBM\Java2 Runtime Environment...
32-bit search:	SOFTWARE\IBM\Java2 Runtime Environment...
64-bit search:	SOFTWARE\IBM\Java Development Kit...
32-bit search:	SOFTWARE\IBM\Java Development Kit...
Error msg:	This application requires a Java Runtime Environment 1.14.0
Open URL:	http://java.com/download


Version:	3.14
CmdLine:	C:\Users\chris\Desktop\BigTwoGame\BigTwoGame.exe --l4j-debug
WOW64:		yes
Java min ver:	1.011.000
Java max ver:	
Bundled JRE(s):	jre
Check launcher:	C:\Users\chris\Desktop\BigTwoGame\jre\bin\javaw.exe (not found)
64-bit search:	SOFTWARE\JavaSoft\Java Runtime Environment...
32-bit search:	SOFTWARE\JavaSoft\Java Runtime Environment...
64-bit search:	SOFTWARE\JavaSoft\Java Development Kit...
32-bit search:	SOFTWARE\JavaSoft\Java Development Kit...
64-bit search:	SOFTWARE\JavaSoft\JRE...
32-bit search:	SOFTWARE\JavaSoft\JRE...
64-bit search:	SOFTWARE\JavaSoft\JDK...
Check:		SOFTWARE\JavaSoft\JDK\11.0.12
Check launcher:	C:\Program Files\Java\jdk-11.0.12\bin\javaw.exe (OK)
Match:		1.011.000_012
Runtime used:	1.011.000_012 (64-bit)
Launcher:	C:\Program Files\Java\jdk-11.0.12\bin\javaw.exe
Launcher args:	-jar "C:\Users\chris\Desktop\BigTwoGame\BigTwoGame.exe"
Args length:	55/32768 chars
Exit code:	0
